Arguments: 
  /usr/local/Cellar/node/12.6.0/bin/node /usr/local/Cellar/yarn/1.17.3/libexec/bin/yarn.js add mocha

PATH: 
  /Users/amrelmahdy/Desktop/reactive/tools/flutter/bin:/usr/local/bin:/usr/bin:/bin:/usr/sbin:/sbin:/Library/Apple/usr/bin:/Library/Apple/bin:/Users/amrelmahdy/Library/Android/sdk/emulator:/Users/amrelmahdy/Library/Android/sdk/tools:/Users/amrelmahdy/Library/Android/sdk/tools/bin:/Users/amrelmahdy/Library/Android/sdk/platform-tools:/Users/amrelmahdy/.npm-global/bin

Yarn version: 
  1.17.3

Node version: 
  12.6.0

Platform: 
  darwin x64

Trace: 
  Error: https://registry.yarnpkg.com/mocha/-/mocha-6.2.2.tgz: ESOCKETTIMEDOUT
      at ClientRequest.<anonymous> (/usr/local/Cellar/yarn/1.17.3/libexec/lib/cli.js:141091:19)
      at Object.onceWrapper (events.js:291:20)
      at ClientRequest.emit (events.js:203:13)
      at TLSSocket.emitRequestTimeout (_http_client.js:675:40)
      at Object.onceWrapper (events.js:291:20)
      at TLSSocket.emit (events.js:203:13)
      at TLSSocket.Socket._onTimeout (net.js:434:8)
      at listOnTimeout (internal/timers.js:531:17)
      at processTimers (internal/timers.js:475:7)

npm manifest: 
  {
    "name": "eventtus",
    "version": "1.0.0",
    "description": "",
    "main": "index.js",
    "scripts": {
      "test": "echo \"Error: no test specified\" && exit 1"
    },
    "keywords": [],
    "author": "",
    "license": "ISC"
  }

yarn manifest: 
  No manifest

Lockfile: 
  No lockfile
